<?xml version="1.0" encoding="UTF-8"?>
<!-- Generated by org.testng.reporters.JUnitXMLReporter -->
<testsuite ignored="2" hostname="SL19" failures="0" tests="1" name="Default test" time="4.395" errors="0" timestamp="2026-03-02T09:26:29 IST">
  <testcase classname="apiTesting.FetchBookingTest" name="getDetails" time="4.312"/>
  <testcase classname="apiTesting.FetchBookingTest" name="getBookingDetails" time="0.0">
    <ignored/>
  </testcase> <!-- getBookingDetails -->
  <testcase classname="apiTesting.FetchBookingTest" name="getAllBookings" time="0.0">
    <ignored/>
  </testcase> <!-- getAllBookings -->
</testsuite> <!-- Default test -->
