<?xml version="1.0" encoding="UTF-8"?>
<!-- Generated by org.testng.reporters.JUnitXMLReporter -->
<testsuite ignored="0" hostname="SL19" failures="0" tests="3" name="ModuleOneTest" time="8.299" errors="0" timestamp="2026-02-17T12:21:29 IST">
  <testcase classname="ParellelScripts.SampleOneTest" name="testOne" time="4.255"/>
  <testcase classname="ParellelScripts.SampleOneTest" name="testThree" time="1.895"/>
  <testcase classname="ParellelScripts.SampleOneTest" name="testTwo" time="1.943"/>
</testsuite> <!-- ModuleOneTest -->
