<?xml version="1.0" encoding="UTF-8"?>
<!-- Generated by org.testng.reporters.JUnitXMLReporter -->
<testsuite ignored="0" hostname="SL19" failures="0" tests="3" name="ModuleTwoTest" time="5.538" errors="0" timestamp="2026-02-17T12:21:34 IST">
  <testcase classname="ParellelScripts.SampleTwoTest" name="testOne" time="1.861"/>
  <testcase classname="ParellelScripts.SampleTwoTest" name="testThree" time="1.958"/>
  <testcase classname="ParellelScripts.SampleTwoTest" name="testTwo" time="1.684"/>
</testsuite> <!-- ModuleTwoTest -->
