<?xml version="1.0" encoding="UTF-8"?>
<testng-results ignored="0" total="1" passed="1" failed="0" skipped="0">
  <reporter-output>
  </reporter-output>
  <suite started-at="2026-03-05T10:25:31 IST" name="Default suite" finished-at="2026-03-05T10:25:42 IST" duration-ms="10390">
    <groups>
      <group name="SmokeTest">
        <method signature="FirstSampleTest.loginTest()[pri:0, instance:testScripts.FirstSampleTest@4c402120]" name="loginTest" class="testScripts.FirstSampleTest"/>
      </group> <!-- SmokeTest -->
    </groups>
    <test started-at="2026-03-05T10:25:31 IST" name="Default test" finished-at="2026-03-05T10:25:42 IST" duration-ms="10390">
      <class name="testScripts.FirstSampleTest">
        <test-method signature="loginTest()[pri:0, instance:testScripts.FirstSampleTest@4c402120]" started-at="2026-03-05T10:25:31 IST" name="loginTest" finished-at="2026-03-05T10:25:42 IST" duration-ms="10294" status="PASS">
          <reporter-output>
          </reporter-output>
        </test-method> <!-- loginTest -->
      </class> <!-- testScripts.FirstSampleTest -->
    </test> <!-- Default test -->
  </suite> <!-- Default suite -->
</testng-results>
