<?xml version="1.0" encoding="UTF-8"?>
<testng-results ignored="2" total="3" passed="1" failed="0" skipped="0">
  <reporter-output>
  </reporter-output>
  <suite started-at="2026-03-02T09:26:25 IST" name="Default suite" finished-at="2026-03-02T09:26:29 IST" duration-ms="4395">
    <groups>
    </groups>
    <test started-at="2026-03-02T09:26:25 IST" name="Default test" finished-at="2026-03-02T09:26:29 IST" duration-ms="4395">
      <class name="apiTesting.FetchBookingTest">
        <test-method signature="getDetails()[pri:0, instance:apiTesting.FetchBookingTest@2d1ef81a]" started-at="2026-03-02T09:26:25 IST" name="getDetails" finished-at="2026-03-02T09:26:29 IST" duration-ms="4312" status="PASS">
          <reporter-output>
          </reporter-output>
        </test-method> <!-- getDetails -->
      </class> <!-- apiTesting.FetchBookingTest -->
    </test> <!-- Default test -->
  </suite> <!-- Default suite -->
</testng-results>
