<?xml version="1.0" encoding="UTF-8"?>
<!-- Generated by org.testng.reporters.JUnitReportReporter -->
<testsuite hostname="SL19" failures="0" tests="3" name="testScripts.ExcelTest" time="12.305" errors="0" timestamp="2026-02-18T12:07:19 IST" skipped="0">
  <testcase classname="testScripts.ExcelTest" name="Exceltest1" time="3.302"/>
  <testcase classname="testScripts.ExcelTest" name="Exceltest1" time="3.192"/>
  <testcase classname="testScripts.ExcelTest" name="Exceltest1" time="5.811"/>
</testsuite> <!-- testScripts.ExcelTest -->
