<?xml version="1.0" encoding="UTF-8"?>
<!-- Generated by org.testng.reporters.JUnitReportReporter -->
<testsuite hostname="SL19" failures="0" tests="3" name="ParellelScripts.SampleTwoTest" time="5.503" errors="0" timestamp="2026-02-17T12:21:35 IST" skipped="0">
  <testcase classname="ParellelScripts.SampleTwoTest" name="testOne" time="1.861"/>
  <testcase classname="ParellelScripts.SampleTwoTest" name="testThree" time="1.958"/>
  <testcase classname="ParellelScripts.SampleTwoTest" name="testTwo" time="1.684"/>
</testsuite> <!-- ParellelScripts.SampleTwoTest -->
