<?xml version="1.0" encoding="UTF-8"?>
<!-- Generated by org.testng.reporters.JUnitReportReporter -->
<testsuite hostname="SL19" failures="0" tests="3" name="ParellelScripts.SampleOneTest" time="8.093" errors="0" timestamp="2026-02-17T12:21:35 IST" skipped="0">
  <testcase classname="ParellelScripts.SampleOneTest" name="testThree" time="1.895"/>
  <testcase classname="ParellelScripts.SampleOneTest" name="testTwo" time="1.943"/>
  <testcase classname="ParellelScripts.SampleOneTest" name="testOne" time="4.255"/>
</testsuite> <!-- ParellelScripts.SampleOneTest -->
