<?xml version="1.0" encoding="UTF-8"?>
<!-- Generated by org.testng.reporters.JUnitReportReporter -->
<testsuite hostname="SL19" failures="0" tests="3" name="testScripts.SwagTest" time="10.256" errors="0" timestamp="2026-02-18T10:20:46 IST" skipped="0">
  <testcase classname="testScripts.SwagTest" name="Saucedemo" time="2.566"/>
  <testcase classname="testScripts.SwagTest" name="Saucedemo" time="4.838"/>
  <testcase classname="testScripts.SwagTest" name="Saucedemo" time="2.852"/>
</testsuite> <!-- testScripts.SwagTest -->
